<?xml version="1.0" encoding="UTF-8"?>
<!-- Generated by org.testng.reporters.JUnitReportReporter -->
<testsuite skipped="0" hostname="Disha" name="FindingElements.scrolling" tests="1" failures="0" timestamp="2020-05-15T01:36:13 EET" time="0.015" errors="0">
  <testcase name="JShandle" time="0.015" classname="FindingElements.scrolling"/>
  <system-out/>
</testsuite> <!-- FindingElements.scrolling -->
