<?xml version="1.0" encoding="UTF-8"?>
<!-- Generated by org.testng.reporters.JUnitReportReporter -->
<testsuite skipped="0" hostname="Disha" name="FindingElements.submitMethod" tests="1" failures="0" timestamp="2020-05-06T19:09:37 EET" time="3.141" errors="0">
  <testcase name="submit" time="3.141" classname="FindingElements.submitMethod"/>
  <system-out/>
</testsuite> <!-- FindingElements.submitMethod -->
