<?xml version="1.0" encoding="UTF-8"?>
<!-- Generated by org.testng.reporters.JUnitReportReporter -->
<testsuite skipped="0" hostname="Disha" name="FindingElements.smartactions$testDropDown" tests="1" failures="0" timestamp="2020-05-08T02:31:13 EET" time="0.180" errors="0">
  <testcase name="duobleClick" time="0.180" classname="FindingElements.smartactions$testDropDown"/>
  <system-out/>
</testsuite> <!-- FindingElements.smartactions$testDropDown -->
