<?xml version="1.0" encoding="UTF-8"?>
<!-- Generated by org.testng.reporters.JUnitReportReporter -->
<testsuite skipped="0" hostname="Disha" name="FindingElements.Waiting" tests="1" failures="0" timestamp="2020-05-14T01:47:55 EET" time="0.101" errors="0">
  <testcase name="Impwait" time="0.101" classname="FindingElements.Waiting"/>
  <system-out/>
</testsuite> <!-- FindingElements.Waiting -->
