<?xml version="1.0" encoding="UTF-8"?>
<!-- Generated by org.testng.reporters.JUnitReportReporter -->
<testsuite skipped="0" hostname="Disha" name="FindingElements.tablesTest" tests="1" failures="0" timestamp="2020-05-07T22:13:51 EET" time="0.558" errors="0">
  <testcase name="Test" time="0.558" classname="FindingElements.tablesTest"/>
  <system-out/>
</testsuite> <!-- FindingElements.tablesTest -->
