<?xml version="1.0" encoding="UTF-8"?>
<!-- Generated by org.testng.reporters.JUnitReportReporter -->
<testsuite skipped="0" hostname="Disha" name="FindingElements.DownloadingWithChrome" tests="1" failures="0" timestamp="2020-05-18T13:49:13 EET" time="0.282" errors="0">
  <testcase name="name" time="0.282" classname="FindingElements.DownloadingWithChrome"/>
  <system-out/>
</testsuite> <!-- FindingElements.DownloadingWithChrome -->
