<?xml version="1.0" encoding="UTF-8"?>
<!-- Generated by org.testng.reporters.JUnitReportReporter -->
<testsuite skipped="0" hostname="Disha" name="FindingElements.Testingcookies" tests="1" failures="0" timestamp="2020-05-12T15:01:36 EET" time="0.526" errors="0">
  <testcase name="cook" time="0.526" classname="FindingElements.Testingcookies"/>
  <system-out/>
</testsuite> <!-- FindingElements.Testingcookies -->
