<?xml version="1.0" encoding="UTF-8"?>
<!-- Generated by org.testng.reporters.JUnitReportReporter -->
<testsuite skipped="0" hostname="Disha" name="FindingElements.FileDownloadTest" tests="1" failures="0" timestamp="2020-05-18T08:49:14 EET" time="5.276" errors="0">
  <testcase name="TestUploading" time="5.276" classname="FindingElements.FileDownloadTest"/>
  <system-out/>
</testsuite> <!-- FindingElements.FileDownloadTest -->
