<?xml version="1.0" encoding="UTF-8"?>
<!-- Generated by org.testng.reporters.JUnitReportReporter -->
<testsuite skipped="0" hostname="Disha" name="FindingElements.WORKINGwithELEMENTS" tests="1" failures="0" timestamp="2020-05-06T18:26:18 EET" time="1.431" errors="0">
  <testcase name="browser" time="1.431" classname="FindingElements.WORKINGwithELEMENTS"/>
  <system-out/>
</testsuite> <!-- FindingElements.WORKINGwithELEMENTS -->
