<?xml version="1.0" encoding="UTF-8"?>
<!-- Generated by org.testng.reporters.JUnitReportReporter -->
<testsuite skipped="0" hostname="Disha" name="FindingElements.brokenLinks" tests="1" failures="0" timestamp="2020-05-18T02:21:25 EET" time="24.395" errors="0">
  <testcase name="TestLink" time="24.395" classname="FindingElements.brokenLinks"/>
  <system-out/>
</testsuite> <!-- FindingElements.brokenLinks -->
