<?xml version="1.0" encoding="UTF-8"?>
<!-- Generated by org.testng.reporters.JUnitReportReporter -->
<testsuite skipped="0" hostname="Disha" name="FindingElements.findbylink" tests="1" failures="0" timestamp="2020-05-05T02:27:33 EET" time="0.046" errors="0">
  <testcase name="findlinks" time="0.046" classname="FindingElements.findbylink"/>
  <system-out/>
</testsuite> <!-- FindingElements.findbylink -->
