<?xml version="1.0" encoding="UTF-8"?>
<!-- Generated by org.testng.reporters.JUnitReportReporter -->
<testsuite skipped="0" hostname="Disha" name="FindingElements.lollogin" tests="1" failures="0" timestamp="2020-05-10T06:18:03 EET" time="4.434" errors="0">
  <testcase name="login" time="4.434" classname="FindingElements.lollogin"/>
  <system-out/>
</testsuite> <!-- FindingElements.lollogin -->
