<?xml version="1.0" encoding="UTF-8"?>
<!-- Generated by org.testng.reporters.JUnitReportReporter -->
<testsuite skipped="0" hostname="Disha" name="FindingElements.rightClick" tests="1" failures="0" timestamp="2020-05-15T02:33:30 EET" time="0.302" errors="0">
  <testcase name="RightClick" time="0.302" classname="FindingElements.rightClick"/>
  <system-out/>
</testsuite> <!-- FindingElements.rightClick -->
