<?xml version="1.0" encoding="UTF-8"?>
<!-- Generated by org.testng.reporters.JUnitReportReporter -->
<testsuite skipped="0" hostname="Disha" name="FindingElements.ElementByID" tests="1" failures="0" timestamp="2020-07-26T09:56:58 EET" time="0.079" errors="0">
  <testcase name="login" time="0.079" classname="FindingElements.ElementByID"/>
  <system-out/>
</testsuite> <!-- FindingElements.ElementByID -->
