<?xml version="1.0" encoding="UTF-8"?>
<!-- Generated by org.testng.reporters.JUnitReportReporter -->
<testsuite skipped="0" hostname="Disha" name="FindingElements.DragAndDropTest$testDropDown" tests="1" failures="0" timestamp="2020-05-08T09:50:58 EET" time="0.353" errors="0">
  <testcase name="DragDrop" time="0.353" classname="FindingElements.DragAndDropTest$testDropDown"/>
  <system-out/>
</testsuite> <!-- FindingElements.DragAndDropTest$testDropDown -->
