<?xml version="1.0" encoding="UTF-8"?>
<!-- Generated by org.testng.reporters.JUnitReportReporter -->
<testsuite skipped="0" hostname="Disha" name="FindingElements.javascriptHandle" tests="1" failures="0" timestamp="2020-05-15T01:09:33 EET" time="0.024" errors="0">
  <testcase name="JShandle" time="0.024" classname="FindingElements.javascriptHandle"/>
  <system-out/>
</testsuite> <!-- FindingElements.javascriptHandle -->
