<?xml version="1.0" encoding="UTF-8"?>
<!-- Generated by org.testng.reporters.JUnitReportReporter -->
<testsuite skipped="0" hostname="Disha" name="FindingElements.testMultiapleWindows" tests="1" failures="0" timestamp="2020-05-11T08:10:13 EET" time="0.210" errors="0">
  <testcase name="Windows" time="0.210" classname="FindingElements.testMultiapleWindows"/>
  <system-out/>
</testsuite> <!-- FindingElements.testMultiapleWindows -->
