<?xml version="1.0" encoding="UTF-8"?>
<!-- Generated by org.testng.reporters.JUnitReportReporter -->
<testsuite skipped="0" hostname="Disha" name="FindingElements.Frames" tests="1" failures="0" timestamp="2020-05-14T04:23:40 EET" time="0.098" errors="0">
  <testcase name="FramesTest" time="0.098" classname="FindingElements.Frames"/>
  <system-out/>
</testsuite> <!-- FindingElements.Frames -->
