<?xml version="1.0" encoding="UTF-8"?>
<!-- Generated by org.testng.reporters.JUnitReportReporter -->
<testsuite skipped="0" hostname="Disha" name="FindingElements.testDropDown" tests="1" failures="0" timestamp="2020-05-18T08:14:27 EET" time="0.242" errors="0">
  <testcase name="Test" time="0.242" classname="FindingElements.testDropDown"/>
  <system-out/>
</testsuite> <!-- FindingElements.testDropDown -->
