<?xml version="1.0" encoding="UTF-8"?>
<!-- Generated by org.testng.reporters.JUnitReportReporter -->
<testsuite skipped="0" hostname="Disha" name="FindingElements.Drawing" tests="1" failures="0" timestamp="2020-05-19T22:51:35 EET" time="0.675" errors="0">
  <testcase name="draw" time="0.675" classname="FindingElements.Drawing"/>
  <system-out/>
</testsuite> <!-- FindingElements.Drawing -->
