<?xml version="1.0" encoding="UTF-8"?>
<!-- Generated by org.testng.reporters.JUnitReportReporter -->
<testsuite skipped="0" hostname="Disha" name="FindingElements.BrokenImgs" tests="1" failures="0" timestamp="2020-05-17T10:54:57 EET" time="0.062" errors="0">
  <testcase name="testinImg" time="0.062" classname="FindingElements.BrokenImgs"/>
  <system-out/>
</testsuite> <!-- FindingElements.BrokenImgs -->
