<?xml version="1.0" encoding="UTF-8"?>
<!-- Generated by org.testng.reporters.JUnitReportReporter -->
<testsuite skipped="0" hostname="Disha" name="FindingElements.workingWithAlerts" tests="1" failures="0" timestamp="2020-05-10T06:58:26 EET" time="4.108" errors="0">
  <testcase name="checkAlert" time="4.108" classname="FindingElements.workingWithAlerts"/>
  <system-out/>
</testsuite> <!-- FindingElements.workingWithAlerts -->
