<?xml version="1.0" encoding="UTF-8"?>
<!-- Generated by org.testng.reporters.JUnitReportReporter -->
<testsuite skipped="0" hostname="Disha" name="FindingElements.testingBrowser" tests="1" failures="0" timestamp="2020-05-05T06:29:39 EET" time="2.942" errors="0">
  <testcase name="browser" time="2.942" classname="FindingElements.testingBrowser"/>
  <system-out/>
</testsuite> <!-- FindingElements.testingBrowser -->
