<?xml version="1.0" encoding="UTF-8"?>
<!-- Generated by org.testng.reporters.JUnitReportReporter -->
<testsuite skipped="0" hostname="Disha" name="jenkins.testJenkins.AppTest" tests="1" failures="0" timestamp="2020-07-27T04:55:31 EET" time="0.006" errors="0">
  <testcase name="shouldAnswerWithTrue" time="0.006" classname="jenkins.testJenkins.AppTest"/>
  <system-out/>
</testsuite> <!-- jenkins.testJenkins.AppTest -->
